<?xml version="1.0" encoding="UTF-8"?>
<!-- Generated by org.testng.reporters.JUnitReportReporter -->
<testsuite skipped="0" hostname="LENIN" name="com.leafBot.testcases.DeleteLead" tests="2" failures="0" timestamp="08 Sep 2019 05:23:28 GMT" time="87.002" errors="0">
  <testcase name="runTC002_DeleteLead" time="34.593" classname="com.leafBot.testcases.DeleteLead"/>
  <testcase name="runTC002_DeleteLead" time="52.409" classname="com.leafBot.testcases.DeleteLead"/>
</testsuite> <!-- com.leafBot.testcases.DeleteLead -->
