<?xml version="1.0" encoding="UTF-8"?>
<!-- Generated by org.testng.reporters.JUnitReportReporter -->
<testsuite skipped="0" hostname="LENIN" name="com.leafBot.testcases.CreateLead" tests="2" failures="0" timestamp="08 Sep 2019 10:41:07 GMT" time="101.947" errors="0">
  <testcase name="runTC002_CreateLead" time="54.918" classname="com.leafBot.testcases.CreateLead"/>
  <testcase name="runTC002_CreateLead" time="47.029" classname="com.leafBot.testcases.CreateLead"/>
</testsuite> <!-- com.leafBot.testcases.CreateLead -->
