<?xml version="1.0" encoding="UTF-8"?>
<!-- Generated by org.testng.reporters.JUnitReportReporter -->
<testsuite skipped="0" hostname="LENIN" name="com.leafBot.testcases.LoginLogout" tests="2" failures="0" timestamp="07 Sep 2019 18:22:33 GMT" time="30.880" errors="0">
  <testcase name="runTC001" time="19.931" classname="com.leafBot.testcases.LoginLogout"/>
  <testcase name="runTC001" time="10.949" classname="com.leafBot.testcases.LoginLogout"/>
</testsuite> <!-- com.leafBot.testcases.LoginLogout -->
